PLINK v1.90b6.24 64-bit (6 Jun 2021)
Options in effect:
  --bfile microbiome_HARDCALLS_IPDGCdata
  --out output
  --score mbScore_noDups.txt

Hostname: Rodrigos-MBP.fios-router.home
Working directory: /Volumes/T7Touch/NIHSummer2021/Code/plink_analysis
Start time: Mon Jun 28 11:06:00 2021

Random number seed: 1624892760
8192 MB RAM detected; reserving 4096 MB for main workspace.
244 variants loaded from .bim file.
32338 people (17329 males, 15009 females) loaded from .fam.
32338 phenotype values loaded from .fam.
Using 1 thread (no multithreaded calculations invoked).
Before main variant filters, 32338 founders and 0 nonfounders present.
Calculating allele frequencies... done.
Total genotyping rate is 0.948204.
244 variants and 32338 people pass filters and QC.
Among remaining phenotypes, 14671 are cases and 17667 are controls.
Warning: 1 line skipped in --score file (1 due to variant ID mismatch, 0 due to
allele code mismatch); see output.nopred for details.
--score: 22 valid predictors loaded.
--score: Results written to output.profile .

End time: Mon Jun 28 11:06:00 2021
